<?xml version="1.0" encoding="UTF-8"?>
<!-- Generated by org.testng.reporters.JUnitReportReporter -->
<testsuite skipped="0" hostname="DESKTOP-TF9C2EJ" name="com.training.sanity.tests.UserLogOut" tests="1" failures="0" timestamp="16 Feb 2019 16:19:48 GMT" time="24.614" errors="0">
  <testcase name="userLogOut" time="24.614" classname="com.training.sanity.tests.UserLogOut"/>
</testsuite> <!-- com.training.sanity.tests.UserLogOut -->
