<?xml version="1.0" encoding="UTF-8"?>
<!-- Generated by org.testng.reporters.JUnitReportReporter -->
<testsuite skipped="0" hostname="DESKTOP-TF9C2EJ" name="com.training.sanity.tests.GoogleSearchWithValue" tests="1" failures="0" timestamp="12 Feb 2019 12:18:11 GMT" time="9.960" errors="0">
  <testcase name="validLoginTest" time="9.960" classname="com.training.sanity.tests.GoogleSearchWithValue"/>
</testsuite> <!-- com.training.sanity.tests.GoogleSearchWithValue -->
