<?xml version="1.0" encoding="UTF-8"?>
<!-- Generated by org.testng.reporters.JUnitReportReporter -->
<testsuite skipped="0" hostname="DESKTOP-TF9C2EJ" name="com.training.sanity.tests.UNF_086_CreateGroupAndRegisterUser_Test" tests="2" failures="0" timestamp="08 Mar 2019 15:40:12 GMT" time="10.406" errors="0">
  <testcase name="createGroup_Test" time="3.921" classname="com.training.sanity.tests.UNF_086_CreateGroupAndRegisterUser_Test"/>
  <testcase name="createUser_Test" time="6.485" classname="com.training.sanity.tests.UNF_086_CreateGroupAndRegisterUser_Test"/>
</testsuite> <!-- com.training.sanity.tests.UNF_086_CreateGroupAndRegisterUser_Test -->
