<?xml version="1.0" encoding="UTF-8"?>
<!-- Generated by org.testng.reporters.JUnitReportReporter -->
<testsuite skipped="0" hostname="DESKTOP-TF9C2EJ" name="com.training.sanity.tests.UNF_060_SendEmailMarketing_Test" tests="1" failures="0" timestamp="27 Feb 2019 11:02:36 GMT" time="3.718" errors="0">
  <testcase name="addDiscountToProduct" time="3.718" classname="com.training.sanity.tests.UNF_060_SendEmailMarketing_Test"/>
</testsuite> <!-- com.training.sanity.tests.UNF_060_SendEmailMarketing_Test -->
