<?xml version="1.0" encoding="UTF-8"?>
<!-- Generated by org.testng.reporters.JUnitReportReporter -->
<testsuite skipped="0" hostname="DESKTOP-TF9C2EJ" name="com.training.sanity.tests.AdminLogin" tests="1" failures="0" timestamp="14 Feb 2019 14:33:15 GMT" time="17.516" errors="0">
  <testcase name="dashboardSelection" time="17.516" classname="com.training.sanity.tests.AdminLogin"/>
</testsuite> <!-- com.training.sanity.tests.AdminLogin -->
