<?xml version="1.0" encoding="UTF-8"?>
<!-- Generated by org.testng.reporters.JUnitReportReporter -->
<testsuite skipped="0" hostname="DESKTOP-TF9C2EJ" name="com.training.sanity.tests.UNF_087_CreateGroup_RegisterMultipleUser_Test" tests="8" failures="0" timestamp="04 Mar 2019 07:28:30 GMT" time="30.922" errors="0">
  <testcase name="addCustomerGroup" time="3.939" classname="com.training.sanity.tests.UNF_087_CreateGroup_RegisterMultipleUser_Test"/>
  <testcase name="addCustomerGroup" time="3.322" classname="com.training.sanity.tests.UNF_087_CreateGroup_RegisterMultipleUser_Test"/>
  <testcase name="addCustomerGroup" time="3.009" classname="com.training.sanity.tests.UNF_087_CreateGroup_RegisterMultipleUser_Test"/>
  <testcase name="addCustomerGroup" time="3.495" classname="com.training.sanity.tests.UNF_087_CreateGroup_RegisterMultipleUser_Test"/>
  <testcase name="addCustomer" time="4.231" classname="com.training.sanity.tests.UNF_087_CreateGroup_RegisterMultipleUser_Test"/>
  <testcase name="addCustomer" time="3.967" classname="com.training.sanity.tests.UNF_087_CreateGroup_RegisterMultipleUser_Test"/>
  <testcase name="addCustomer" time="4.746" classname="com.training.sanity.tests.UNF_087_CreateGroup_RegisterMultipleUser_Test"/>
  <testcase name="addCustomer" time="4.213" classname="com.training.sanity.tests.UNF_087_CreateGroup_RegisterMultipleUser_Test"/>
</testsuite> <!-- com.training.sanity.tests.UNF_087_CreateGroup_RegisterMultipleUser_Test -->
