<?xml version="1.0" encoding="UTF-8"?>
<!-- Generated by org.testng.reporters.JUnitReportReporter -->
<testsuite skipped="0" hostname="DESKTOP-TF9C2EJ" name="com.training.sanity.tests.AdminLogOut" tests="1" failures="0" timestamp="14 Feb 2019 01:39:08 GMT" time="18.527" errors="0">
  <testcase name="dashboardSelection" time="18.527" classname="com.training.sanity.tests.AdminLogOut"/>
</testsuite> <!-- com.training.sanity.tests.AdminLogOut -->
