<?xml version="1.0" encoding="UTF-8"?>
<!-- Generated by org.testng.reporters.JUnitReportReporter -->
<testsuite skipped="0" hostname="DESKTOP-TF9C2EJ" name="com.training.regression.tests.LoginDBTest" tests="1" failures="0" timestamp="05 Mar 2019 17:29:01 GMT" time="19.905" errors="0">
  <testcase name="loginDBTest" time="19.905" classname="com.training.regression.tests.LoginDBTest"/>
</testsuite> <!-- com.training.regression.tests.LoginDBTest -->
