<?xml version="1.0" encoding="UTF-8"?>
<!-- Generated by org.testng.reporters.JUnitReportReporter -->
<testsuite skipped="0" hostname="DESKTOP-TF9C2EJ" name="com.training.sanity.tests.UNF_056_AddDiscountToExistingProduct_Test" tests="1" failures="0" timestamp="20 Feb 2019 11:55:28 GMT" time="30.469" errors="0">
  <testcase name="addDiscountExistingProduct" time="30.469" classname="com.training.sanity.tests.UNF_056_AddDiscountToExistingProduct_Test"/>
</testsuite> <!-- com.training.sanity.tests.UNF_056_AddDiscountToExistingProduct_Test -->
