<?xml version="1.0" encoding="UTF-8"?>
<!-- Generated by org.testng.reporters.JUnitReportReporter -->
<testsuite skipped="0" hostname="DESKTOP-TF9C2EJ" name="com.training.regression.tests.LoginExcelTest" tests="2" failures="0" timestamp="01 Mar 2019 05:54:30 GMT" time="29.339" errors="0">
  <testcase name="loginDBTest" time="12.420" classname="com.training.regression.tests.LoginExcelTest"/>
  <testcase name="loginDBTest" time="16.919" classname="com.training.regression.tests.LoginExcelTest"/>
</testsuite> <!-- com.training.regression.tests.LoginExcelTest -->
