<?xml version="1.0" encoding="UTF-8"?>
<!-- Generated by org.testng.reporters.JUnitReportReporter -->
<testsuite skipped="0" hostname="DESKTOP-TF9C2EJ" name="com.training.sanity.tests.AdminLogOutTest" tests="1" failures="0" timestamp="16 Feb 2019 16:43:34 GMT" time="18.308" errors="0">
  <testcase name="adminLogout" time="18.308" classname="com.training.sanity.tests.AdminLogOutTest"/>
</testsuite> <!-- com.training.sanity.tests.AdminLogOutTest -->
