<?xml version="1.0" encoding="UTF-8"?>
<!-- Generated by org.testng.reporters.JUnitReportReporter -->
<testsuite skipped="0" hostname="DESKTOP-TF9C2EJ" name="com.training.sanity.tests.AdminLoginTest" tests="1" failures="0" timestamp="16 Feb 2019 15:56:08 GMT" time="17.695" errors="0">
  <testcase name="productPurchasedDetails" time="17.695" classname="com.training.sanity.tests.AdminLoginTest"/>
</testsuite> <!-- com.training.sanity.tests.AdminLoginTest -->
