<?xml version="1.0" encoding="UTF-8"?>
<!-- Generated by org.testng.reporters.JUnitReportReporter -->
<testsuite skipped="0" hostname="DESKTOP-TF9C2EJ" name="com.training.sanity.tests.CustomerDetailsTest" tests="1" failures="0" timestamp="14 Feb 2019 16:10:05 GMT" time="16.742" errors="0">
  <testcase name="dashboardSelection" time="16.742" classname="com.training.sanity.tests.CustomerDetailsTest"/>
</testsuite> <!-- com.training.sanity.tests.CustomerDetailsTest -->
