<?xml version="1.0" encoding="UTF-8"?>
<!-- Generated by org.testng.reporters.JUnitReportReporter -->
<testsuite skipped="0" hostname="DESKTOP-TF9C2EJ" name="AdminLogin" tests="1" failures="0" timestamp="13 Feb 2019 06:31:00 GMT" time="16.706" errors="0">
  <testcase name="validLoginTest" time="16.706" classname="AdminLogin"/>
</testsuite> <!-- AdminLogin -->
