<?xml version="1.0" encoding="UTF-8"?>
<!-- Generated by org.testng.reporters.JUnitReportReporter -->
<testsuite skipped="0" hostname="DESKTOP-TF9C2EJ" name="com.training.sanity.tests.UNF_057_AddProductWithDiscount_Test" tests="4" failures="0" timestamp="21 Feb 2019 11:03:51 GMT" time="9.700" errors="0">
  <testcase name="addproductsToGenralTab" time="4.023" classname="com.training.sanity.tests.UNF_057_AddProductWithDiscount_Test"/>
  <testcase name="addproductsToDataTab" time="0.847" classname="com.training.sanity.tests.UNF_057_AddProductWithDiscount_Test"/>
  <testcase name="addproductsToLinkTab" time="1.511" classname="com.training.sanity.tests.UNF_057_AddProductWithDiscount_Test"/>
  <testcase name="addproductsToDiscountTab" time="3.319" classname="com.training.sanity.tests.UNF_057_AddProductWithDiscount_Test"/>
</testsuite> <!-- com.training.sanity.tests.UNF_057_AddProductWithDiscount_Test -->
