<?xml version="1.0" encoding="UTF-8"?>
<!-- Generated by org.testng.reporters.JUnitReportReporter -->
<testsuite skipped="0" hostname="DESKTOP-TF9C2EJ" name="com.training.sanity.tests.CustomerActivityReportTest" tests="1" failures="0" timestamp="16 Feb 2019 16:07:26 GMT" time="18.907" errors="0">
  <testcase name="dashboardSelection" time="18.907" classname="com.training.sanity.tests.CustomerActivityReportTest"/>
</testsuite> <!-- com.training.sanity.tests.CustomerActivityReportTest -->
