<?xml version="1.0" encoding="UTF-8"?>
<!-- Generated by org.testng.reporters.JUnitReportReporter -->
<testsuite skipped="0" hostname="DESKTOP-TF9C2EJ" name="com.training.sanity.tests.UNF_059_AddAffiliateToMarketing_Test" tests="1" failures="0" timestamp="25 Feb 2019 09:48:49 GMT" time="6.982" errors="0">
  <testcase name="addDiscountToProduct" time="6.982" classname="com.training.sanity.tests.UNF_059_AddAffiliateToMarketing_Test"/>
</testsuite> <!-- com.training.sanity.tests.UNF_059_AddAffiliateToMarketing_Test -->
